<?xml version="1.0" encoding="UTF-8"?>
<!-- Generated by org.testng.reporters.JUnitReportReporter -->
<testsuite hostname="NSS165100" failures="0" tests="1" name="TestMVN" time="0.007" errors="0" timestamp="2020-12-09T13:06:58 EST" skipped="0">
  <testcase classname="TestMVN" name="testHello" time="0.007"/>
  <system-out/>
</testsuite> <!-- TestMVN -->
