<?xml version="1.0" encoding="UTF-8"?>
<!-- Generated by org.testng.reporters.JUnitReportReporter -->
<testsuite skipped="0" hostname="NSS165100" name="TestMVN" tests="1" failures="0" timestamp="2020-12-07T12:53:19 EST" time="0.010" errors="0">
  <testcase name="testHello" time="0.010" classname="TestMVN"/>
  <system-out/>
</testsuite> <!-- TestMVN -->
